0    INFO  2021-07-26 17:06:058807-26_crawl_news sqlInsetSuccess: [] ,sqlInsetError: []
12237 INFO  2021-07-26 17:06:1732507-26_crawl_news sqlInsetSuccess: [] ,sqlInsetError: []
13444 INFO  2021-07-26 17:06:1853207-26_crawl_news sqlInsetSuccess: [] ,sqlInsetError: []
0    INFO  2021-07-26 17:06:365207-26_crawl_news sqlInsetSuccess: [] ,sqlInsetError: []
1366 INFO  2021-07-26 17:06:3741807-26_crawl_news sqlInsetSuccess: [] ,sqlInsetError: []
3673 INFO  2021-07-26 17:06:3972507-26_crawl_news sqlInsetSuccess: [] ,sqlInsetError: []
0    INFO  2021-07-26 17:09:01815_07-26_crawl_news sqlInsetSuccess: [] ,sqlInsetError: []
2342 INFO  2021-07-26 17:09:04157_07-26_crawl_news sqlInsetSuccess: [] ,sqlInsetError: []
2342 INFO  2021-07-26 17:09:04157_07-26_crawl_news sqlInsetSuccess: [] ,sqlInsetError: []
3521 INFO  2021-07-26 17:09:05336_07-26_crawl_news sqlInsetSuccess: [] ,sqlInsetError: []
3521 INFO  2021-07-26 17:09:05336_07-26_crawl_news sqlInsetSuccess: [] ,sqlInsetError: []
3521 INFO  2021-07-26 17:09:05336_07-26_crawl_news sqlInsetSuccess: [] ,sqlInsetError: []
0    INFO  2021-07-26 17:27:31714_07-26_crawl_news sqlInsetSuccess: [] ,sqlInsetError: []
635  INFO  2021-07-26 17:27:32349_07-26_crawl_news sqlInsetSuccess: [] ,sqlInsetError: []
635  INFO  2021-07-26 17:27:32349_07-26_crawl_news sqlInsetSuccess: [] ,sqlInsetError: []
26103 INFO  2021-07-26 17:27:57817_07-26_crawl_news sqlInsetSuccess: [{titleName:以公益心态购彩 深圳彩民10元机选票中福彩734万元,web:tags}, {titleName:197期明皇福彩3D预测奖号：大小+奇偶分析,web:tags}, {titleName:197期石飞福彩3D预测奖号：防止重号轮空,web:tags}, {titleName:197期司马千福彩3D预测奖号：参考质合比,web:tags}, {titleName:197期唐龙福彩3D预测奖号：必杀一码推荐,web:tags}, {titleName:197期唐羽福彩3D预测奖号：和值走势分析,web:tags}, {titleName:197期甜瓜福彩3D预测奖号：百十位同上升,web:tags}, {titleName:197期享乐福彩3D预测奖号：单选15注号码,web:tags}] ,sqlInsetError: []
26103 INFO  2021-07-26 17:27:57817_07-26_crawl_news sqlInsetSuccess: [{titleName:以公益心态购彩 深圳彩民10元机选票中福彩734万元,web:tags}, {titleName:197期明皇福彩3D预测奖号：大小+奇偶分析,web:tags}, {titleName:197期石飞福彩3D预测奖号：防止重号轮空,web:tags}, {titleName:197期司马千福彩3D预测奖号：参考质合比,web:tags}, {titleName:197期唐龙福彩3D预测奖号：必杀一码推荐,web:tags}, {titleName:197期唐羽福彩3D预测奖号：和值走势分析,web:tags}, {titleName:197期甜瓜福彩3D预测奖号：百十位同上升,web:tags}, {titleName:197期享乐福彩3D预测奖号：单选15注号码,web:tags}] ,sqlInsetError: []
26103 INFO  2021-07-26 17:27:57817_07-26_crawl_news sqlInsetSuccess: [{titleName:以公益心态购彩 深圳彩民10元机选票中福彩734万元,web:tags}, {titleName:197期明皇福彩3D预测奖号：大小+奇偶分析,web:tags}, {titleName:197期石飞福彩3D预测奖号：防止重号轮空,web:tags}, {titleName:197期司马千福彩3D预测奖号：参考质合比,web:tags}, {titleName:197期唐龙福彩3D预测奖号：必杀一码推荐,web:tags}, {titleName:197期唐羽福彩3D预测奖号：和值走势分析,web:tags}, {titleName:197期甜瓜福彩3D预测奖号：百十位同上升,web:tags}, {titleName:197期享乐福彩3D预测奖号：单选15注号码,web:tags}] ,sqlInsetError: []
0    INFO  2021-07-26 17:32:22908_07-26_crawl_news sqlInsetSuccess: [] ,sqlInsetError: []
30830 INFO  2021-07-26 17:32:53738_07-26_crawl_news sqlInsetSuccess: [] ,sqlInsetError: []
30830 INFO  2021-07-26 17:32:53738_07-26_crawl_news sqlInsetSuccess: [] ,sqlInsetError: []
62538 INFO  2021-07-26 17:33:25446_07-26_crawl_news sqlInsetSuccess: [{titleName:以公益心态购彩 深圳彩民10元机选票中福彩734万元,web:tags}, {titleName:197期明皇福彩3D预测奖号：大小+奇偶分析,web:tags}, {titleName:197期石飞福彩3D预测奖号：防止重号轮空,web:tags}, {titleName:197期司马千福彩3D预测奖号：参考质合比,web:tags}, {titleName:197期唐龙福彩3D预测奖号：必杀一码推荐,web:tags}, {titleName:197期唐羽福彩3D预测奖号：和值走势分析,web:tags}, {titleName:197期甜瓜福彩3D预测奖号：百十位同上升,web:tags}, {titleName:197期享乐福彩3D预测奖号：单选15注号码,web:tags}] ,sqlInsetError: []
62538 INFO  2021-07-26 17:33:25446_07-26_crawl_news sqlInsetSuccess: [{titleName:以公益心态购彩 深圳彩民10元机选票中福彩734万元,web:tags}, {titleName:197期明皇福彩3D预测奖号：大小+奇偶分析,web:tags}, {titleName:197期石飞福彩3D预测奖号：防止重号轮空,web:tags}, {titleName:197期司马千福彩3D预测奖号：参考质合比,web:tags}, {titleName:197期唐龙福彩3D预测奖号：必杀一码推荐,web:tags}, {titleName:197期唐羽福彩3D预测奖号：和值走势分析,web:tags}, {titleName:197期甜瓜福彩3D预测奖号：百十位同上升,web:tags}, {titleName:197期享乐福彩3D预测奖号：单选15注号码,web:tags}] ,sqlInsetError: []
62538 INFO  2021-07-26 17:33:25446_07-26_crawl_news sqlInsetSuccess: [{titleName:以公益心态购彩 深圳彩民10元机选票中福彩734万元,web:tags}, {titleName:197期明皇福彩3D预测奖号：大小+奇偶分析,web:tags}, {titleName:197期石飞福彩3D预测奖号：防止重号轮空,web:tags}, {titleName:197期司马千福彩3D预测奖号：参考质合比,web:tags}, {titleName:197期唐龙福彩3D预测奖号：必杀一码推荐,web:tags}, {titleName:197期唐羽福彩3D预测奖号：和值走势分析,web:tags}, {titleName:197期甜瓜福彩3D预测奖号：百十位同上升,web:tags}, {titleName:197期享乐福彩3D预测奖号：单选15注号码,web:tags}] ,sqlInsetError: []
0    INFO  2021-07-26 18:02:38186_07-26_crawl_news sqlInsetSuccess: [] ,sqlInsetError: []
1023 INFO  2021-07-26 18:02:39209_07-26_crawl_news sqlInsetSuccess: [] ,sqlInsetError: []
1023 INFO  2021-07-26 18:02:39209_07-26_crawl_news sqlInsetSuccess: [] ,sqlInsetError: []
34406 INFO  2021-07-26 18:03:12592_07-26_crawl_news sqlInsetSuccess: [{titleName:榆林福彩开展“我为群众办实事”公益演出进社区活动,web:tags}, {titleName:以公益心态购彩 深圳彩民10元机选票中福彩734万元,web:tags}, {titleName:省福彩中心召开2021年年中市场分析会,web:tags}, {titleName:刮出快乐、刮出幸运 ——平凉62270171福彩站刮“圆满”即开票 喜中汽车1辆,web:tags}, {titleName:197期明皇福彩3D预测奖号：大小+奇偶分析,web:tags}, {titleName:197期石飞福彩3D预测奖号：防止重号轮空,web:tags}, {titleName:197期司马千福彩3D预测奖号：参考质合比,web:tags}, {titleName:197期唐龙福彩3D预测奖号：必杀一码推荐,web:tags}] ,sqlInsetError: []
34406 INFO  2021-07-26 18:03:12592_07-26_crawl_news sqlInsetSuccess: [{titleName:榆林福彩开展“我为群众办实事”公益演出进社区活动,web:tags}, {titleName:以公益心态购彩 深圳彩民10元机选票中福彩734万元,web:tags}, {titleName:省福彩中心召开2021年年中市场分析会,web:tags}, {titleName:刮出快乐、刮出幸运 ——平凉62270171福彩站刮“圆满”即开票 喜中汽车1辆,web:tags}, {titleName:197期明皇福彩3D预测奖号：大小+奇偶分析,web:tags}, {titleName:197期石飞福彩3D预测奖号：防止重号轮空,web:tags}, {titleName:197期司马千福彩3D预测奖号：参考质合比,web:tags}, {titleName:197期唐龙福彩3D预测奖号：必杀一码推荐,web:tags}] ,sqlInsetError: []
34406 INFO  2021-07-26 18:03:12592_07-26_crawl_news sqlInsetSuccess: [{titleName:榆林福彩开展“我为群众办实事”公益演出进社区活动,web:tags}, {titleName:以公益心态购彩 深圳彩民10元机选票中福彩734万元,web:tags}, {titleName:省福彩中心召开2021年年中市场分析会,web:tags}, {titleName:刮出快乐、刮出幸运 ——平凉62270171福彩站刮“圆满”即开票 喜中汽车1辆,web:tags}, {titleName:197期明皇福彩3D预测奖号：大小+奇偶分析,web:tags}, {titleName:197期石飞福彩3D预测奖号：防止重号轮空,web:tags}, {titleName:197期司马千福彩3D预测奖号：参考质合比,web:tags}, {titleName:197期唐龙福彩3D预测奖号：必杀一码推荐,web:tags}] ,sqlInsetError: []
